\BOOKMARK [0][-]{chapter*.3}{\376\377\000I\000n\000t\000r\000o\000d\000u\000z\000i\000o\000n\000e}{}% 1
\BOOKMARK [0][-]{chapter.1}{\376\377\000T\000e\000c\000n\000o\000l\000o\000g\000i\000e\000\040\000u\000t\000i\000l\000i\000z\000z\000a\000t\000e}{}% 2
\BOOKMARK [1][-]{section.1.1}{\376\377\000F\000r\000o\000n\000t\000e\000n\000d}{chapter.1}% 3
\BOOKMARK [1][-]{section.1.2}{\376\377\000B\000a\000c\000k\000e\000n\000d}{chapter.1}% 4
\BOOKMARK [0][-]{chapter.2}{\376\377\000A\000p\000p\000r\000o\000c\000c\000i\000o\000\040\000P\000r\000o\000p\000o\000s\000t\000o}{}% 5
\BOOKMARK [1][-]{section.2.1}{\376\377\000P\000r\000o\000b\000l\000e\000m\000a\000\040\000e\000\040\000O\000b\000i\000e\000t\000t\000i\000v\000o}{chapter.2}% 6
\BOOKMARK [2][-]{subsection.2.1.1}{\376\377\000C\000a\000r\000a\000t\000t\000e\000r\000i\000s\000t\000i\000c\000h\000e\000\040\000d\000e\000i\000\040\000M\000e\000e\000t\000i\000n\000g}{section.2.1}% 7
\BOOKMARK [1][-]{section.2.2}{\376\377\000M\000e\000t\000o\000d\000o\000l\000o\000g\000i\000a}{chapter.2}% 8
\BOOKMARK [1][-]{section.2.3}{\376\377\000P\000o\000s\000s\000i\000b\000i\000l\000i\000\040\000s\000f\000i\000d\000e}{chapter.2}% 9
\BOOKMARK [0][-]{chapter.3}{\376\377\000S\000t\000r\000u\000t\000t\000u\000r\000a\000\040\000d\000e\000l\000\040\000p\000r\000o\000g\000e\000t\000t\000o}{}% 10
\BOOKMARK [1][-]{section.3.1}{\376\377\000F\000r\000o\000n\000t\000e\000n\000d}{chapter.3}% 11
\BOOKMARK [1][-]{section.3.2}{\376\377\000B\000a\000c\000k\000e\000n\000d}{chapter.3}% 12
\BOOKMARK [0][-]{chapter.4}{\376\377\000S\000v\000i\000l\000u\000p\000p\000o}{}% 13
\BOOKMARK [1][-]{section.4.1}{\376\377\000L\000'\000i\000d\000e\000a}{chapter.4}% 14
\BOOKMARK [1][-]{section.4.2}{\376\377\000S\000c\000e\000l\000t\000a\000\040\000d\000e\000l\000\040\000s\000e\000r\000v\000i\000z\000i\000o}{chapter.4}% 15
\BOOKMARK [1][-]{section.4.3}{\376\377\000C\000o\000n\000f\000i\000g\000u\000r\000a\000z\000i\000o\000n\000e\000\040\000d\000i\000\040\000W\000e\000b\000e\000x}{chapter.4}% 16
\BOOKMARK [1][-]{section.4.4}{\376\377\000I\000n\000t\000e\000r\000f\000a\000c\000c\000i\000a\000\040\000U\000t\000e\000n\000t\000e}{chapter.4}% 17
\BOOKMARK [1][-]{section.4.5}{\376\377\000C\000r\000e\000a\000z\000i\000o\000n\000e\000\040\000d\000e\000l\000l\000a\000\040\000t\000a\000b\000e\000l\000l\000a\000\040\000a\000\040\000d\000a\000t\000a\000b\000a\000s\000e}{chapter.4}% 18
\BOOKMARK [1][-]{section.4.6}{\376\377\000C\000r\000e\000a\000z\000i\000o\000n\000e\000\040\000d\000e\000i\000\040\000m\000e\000e\000t\000i\000n\000g}{chapter.4}% 19
\BOOKMARK [2][-]{subsection.4.6.1}{\376\377\000F\000r\000o\000n\000t\000e\000n\000d}{section.4.6}% 20
\BOOKMARK [2][-]{subsection.4.6.2}{\376\377\000B\000a\000c\000k\000e\000n\000d}{section.4.6}% 21
\BOOKMARK [3][-]{section*.11}{\376\377\000C\000o\000n\000t\000r\000o\000l\000l\000e\000r}{subsection.4.6.2}% 22
\BOOKMARK [3][-]{section*.12}{\376\377\000S\000e\000r\000v\000i\000c\000e}{subsection.4.6.2}% 23
\BOOKMARK [3][-]{section*.13}{\376\377\000R\000e\000p\000o\000s\000i\000t\000o\000r\000y}{subsection.4.6.2}% 24
\BOOKMARK [1][-]{section.4.7}{\376\377\000R\000e\000c\000u\000p\000e\000r\000o\000\040\000d\000e\000i\000\040\000m\000e\000e\000t\000i\000n\000g}{chapter.4}% 25
\BOOKMARK [2][-]{subsection.4.7.1}{\376\377\000F\000r\000o\000n\000t\000e\000n\000d}{section.4.7}% 26
\BOOKMARK [3][-]{section*.18}{\376\377\000R\000e\000c\000u\000p\000e\000r\000o\000\040\000d\000e\000g\000l\000i\000\040\000i\000n\000v\000i\000t\000a\000t\000i}{subsection.4.7.1}% 27
\BOOKMARK [2][-]{subsection.4.7.2}{\376\377\000B\000a\000c\000k\000e\000n\000d}{section.4.7}% 28
\BOOKMARK [3][-]{section*.19}{\376\377\000C\000o\000n\000t\000r\000o\000l\000l\000e\000r}{subsection.4.7.2}% 29
\BOOKMARK [3][-]{section*.20}{\376\377\000S\000e\000r\000v\000i\000c\000e}{subsection.4.7.2}% 30
\BOOKMARK [3][-]{section*.21}{\376\377\000R\000e\000p\000o\000s\000i\000t\000o\000r\000y}{subsection.4.7.2}% 31
\BOOKMARK [3][-]{section*.22}{\376\377\000R\000e\000c\000u\000p\000e\000r\000o\000\040\000d\000e\000g\000l\000i\000\040\000i\000n\000v\000i\000t\000a\000t\000i}{subsection.4.7.2}% 32
\BOOKMARK [1][-]{section.4.8}{\376\377\000M\000o\000d\000i\000f\000i\000c\000a\000\040\000d\000e\000i\000\040\000m\000e\000e\000t\000i\000n\000g}{chapter.4}% 33
\BOOKMARK [2][-]{subsection.4.8.1}{\376\377\000F\000r\000o\000n\000t\000e\000n\000d}{section.4.8}% 34
\BOOKMARK [3][-]{section*.24}{\376\377\000M\000o\000d\000i\000f\000i\000c\000a\000\040\000d\000i\000\040\000d\000a\000t\000a\000\040\000e\000\040\000o\000r\000a}{subsection.4.8.1}% 35
\BOOKMARK [3][-]{section*.29}{\376\377\000A\000g\000g\000i\000u\000n\000t\000a\000\040\000d\000e\000g\000l\000i\000\040\000i\000n\000v\000i\000t\000a\000t\000i}{subsection.4.8.1}% 36
\BOOKMARK [3][-]{section*.31}{\376\377\000S\000a\000l\000v\000a\000t\000a\000g\000g\000i\000o\000\040\000d\000e\000l\000l\000e\000\040\000m\000o\000d\000i\000f\000i\000c\000h\000e}{subsection.4.8.1}% 37
\BOOKMARK [2][-]{subsection.4.8.2}{\376\377\000B\000a\000c\000k\000e\000n\000d}{section.4.8}% 38
\BOOKMARK [3][-]{section*.32}{\376\377\000C\000o\000n\000t\000r\000o\000l\000l\000e\000r}{subsection.4.8.2}% 39
\BOOKMARK [3][-]{section*.33}{\376\377\000S\000e\000r\000v\000i\000c\000e}{subsection.4.8.2}% 40
\BOOKMARK [3][-]{section*.34}{\376\377\000R\000e\000p\000o\000s\000i\000t\000o\000r\000y}{subsection.4.8.2}% 41
\BOOKMARK [1][-]{section.4.9}{\376\377\000E\000l\000i\000m\000i\000n\000a\000z\000i\000o\000n\000e\000\040\000d\000e\000i\000\040\000m\000e\000e\000t\000i\000n\000g}{chapter.4}% 42
\BOOKMARK [2][-]{subsection.4.9.1}{\376\377\000F\000r\000o\000n\000t\000e\000n\000d}{section.4.9}% 43
\BOOKMARK [2][-]{subsection.4.9.2}{\376\377\000B\000a\000c\000k\000e\000n\000d}{section.4.9}% 44
\BOOKMARK [3][-]{section*.38}{\376\377\000C\000o\000n\000t\000r\000o\000l\000l\000e\000r}{subsection.4.9.2}% 45
\BOOKMARK [3][-]{section*.39}{\376\377\000S\000e\000r\000v\000i\000c\000e}{subsection.4.9.2}% 46
\BOOKMARK [3][-]{section*.40}{\376\377\000R\000e\000p\000o\000s\000i\000t\000o\000r\000y}{subsection.4.9.2}% 47
\BOOKMARK [0][-]{chapter.5}{\376\377\000I\000d\000e\000e\000\040\000f\000u\000t\000u\000r\000e}{}% 48
\BOOKMARK [1][-]{section.5.1}{\376\377\000A\000u\000t\000e\000n\000t\000i\000c\000a\000z\000i\000o\000n\000e\000\040\000d\000e\000l\000l\000e\000\040\000c\000h\000i\000a\000m\000a\000t\000e\000\040\000A\000P\000I}{chapter.5}% 49
\BOOKMARK [1][-]{section.5.2}{\376\377\000I\000n\000t\000e\000g\000r\000a\000z\000i\000o\000n\000e\000\040\000c\000o\000n\000\040\000G\000o\000o\000g\000l\000e\000\040\000C\000a\000l\000e\000n\000d\000a\000r}{chapter.5}% 50
\BOOKMARK [1][-]{section.5.3}{\376\377\000M\000i\000g\000l\000i\000o\000r\000a\000m\000e\000n\000t\000o\000\040\000d\000e\000l\000l\000a\000\040\000v\000i\000s\000u\000a\000l\000i\000z\000z\000a\000z\000i\000o\000n\000e\000\040\000m\000o\000b\000i\000l\000e}{chapter.5}% 51
\BOOKMARK [0][-]{chapter.6}{\376\377\000C\000o\000n\000c\000l\000u\000s\000i\000o\000n\000i}{}% 52
\BOOKMARK [0][-]{chapter*.44}{\376\377\000B\000i\000b\000l\000i\000o\000g\000r\000a\000f\000i\000a}{}% 53
\BOOKMARK [0][-]{appendix.Alph1}{\376\377\000E\000u\000r\000i\000s\000t\000i\000c\000h\000e\000\040\000d\000i\000\040\000N\000i\000e\000l\000s\000e\000n}{}% 54
